{
  "src/utils.tsx": {
    "path": "src/utils.tsx",
    "statementMap": {
      "0": {
        "start": {
          "line": 1,
          "column": 19
        },
        "end": {
          "line": 1,
          "column": 48
        }
      },
      "1": {
        "start": {
          "line": 1,
          "column": 43
        },
        "end": {
          "line": 1,
          "column": 48
        }
      },
      "2": {
        "start": {
          "line": 3,
          "column": 23
        },
        "end": {
          "line": 9,
          "column": 1
        }
      },
      "3": {
        "start": {
          "line": 4,
          "column": 2
        },
        "end": {
          "line": 8,
          "column": 3
        }
      },
      "4": {
        "start": {
          "line": 5,
          "column": 4
        },
        "end": {
          "line": 5,
          "column": 17
        }
      },
      "5": {
        "start": {
          "line": 7,
          "column": 4
        },
        "end": {
          "line": 7,
          "column": 41
        }
      }
    },
    "fnMap": {
      "0": {
        "name": "(anonymous_0)",
        "decl": {
          "start": {
            "line": 1,
            "column": 19
          },
          "end": {
            "line": 1,
            "column": 20
          }
        },
        "loc": {
          "start": {
            "line": 1,
            "column": 43
          },
          "end": {
            "line": 1,
            "column": 48
          }
        },
        "line": 1
      },
      "1": {
        "name": "(anonymous_1)",
        "decl": {
          "start": {
            "line": 3,
            "column": 23
          },
          "end": {
            "line": 3,
            "column": 24
          }
        },
        "loc": {
          "start": {
            "line": 3,
            "column": 42
          },
          "end": {
            "line": 9,
            "column": 1
          }
        },
        "line": 3
      }
    },
    "branchMap": {
      "0": {
        "loc": {
          "start": {
            "line": 4,
            "column": 2
          },
          "end": {
            "line": 8,
            "column": 3
          }
        },
        "type": "if",
        "locations": [
          {
            "start": {
              "line": 4,
              "column": 2
            },
            "end": {
              "line": 8,
              "column": 3
            }
          },
          {
            "start": {
              "line": 4,
              "column": 2
            },
            "end": {
              "line": 8,
              "column": 3
            }
          }
        ],
        "line": 4
      }
    },
    "s": {
      "0": 1,
      "1": 0,
      "2": 1,
      "3": 1,
      "4": 0,
      "5": 1
    },
    "f": {
      "0": 0,
      "1": 1
    },
    "b": {
      "0": [0, 1]
    }
  },
  "src/App.tsx": {
    "path": "src/App.tsx",
    "statementMap": {
      "0": {
        "start": {
          "line": 6,
          "column": 12
        },
        "end": {
          "line": 25,
          "column": 1
        }
      },
      "1": {
        "start": {
          "line": 7,
          "column": 2
        },
        "end": {
          "line": 24,
          "column": 4
        }
      }
    },
    "fnMap": {
      "0": {
        "name": "(anonymous_0)",
        "decl": {
          "start": {
            "line": 6,
            "column": 12
          },
          "end": {
            "line": 6,
            "column": 13
          }
        },
        "loc": {
          "start": {
            "line": 6,
            "column": 18
          },
          "end": {
            "line": 25,
            "column": 1
          }
        },
        "line": 6
      }
    },
    "branchMap": {},
    "s": {
      "0": 1,
      "1": 1
    },
    "f": {
      "0": 1
    },
    "b": {}
  },
  "src/index.tsx": {
    "path": "src/index.tsx",
    "statementMap": {
      "0": {
        "start": {
          "line": 7,
          "column": 0
        },
        "end": {
          "line": 7,
          "column": 58
        }
      },
      "1": {
        "start": {
          "line": 12,
          "column": 0
        },
        "end": {
          "line": 12,
          "column": 27
        }
      }
    },
    "fnMap": {},
    "branchMap": {},
    "s": {
      "0": 1,
      "1": 1
    },
    "f": {},
    "b": {}
  }
}
