<testsuite name="Mocha Tests" tests="16" failures="0" errors="0" skipped="0" timestamp="Thu, 05 Mar 2026 21:10:17 GMT" time="0.334">
<testcase classname="Plugin sharedb with sharedb &#x3E;=1 (1.0.0) without configuration" name="should do automatic instrumentation" file="/Users/bryan.english/dd-trace-js/packages/datadog-plugin-sharedb/test/index.spec.js" time="0.005"/>
<testcase classname="Plugin sharedb with sharedb &#x3E;=1 (1.0.0) without configuration" name="should be compatible with existing middleware" file="/Users/bryan.english/dd-trace-js/packages/datadog-plugin-sharedb/test/index.spec.js" time="0.002"/>
<testcase classname="Plugin sharedb with sharedb &#x3E;=1 (1.0.0) without configuration" name="should sanitize queries" file="/Users/bryan.english/dd-trace-js/packages/datadog-plugin-sharedb/test/index.spec.js" time="0.002"/>
<testcase classname="Plugin sharedb with sharedb &#x3E;=1 (1.0.0) without configuration" name="should gracefully handle an invalid or unsupported message action" file="/Users/bryan.english/dd-trace-js/packages/datadog-plugin-sharedb/test/index.spec.js" time="0"/>
<testcase classname="Plugin sharedb with sharedb &#x3E;=1 (1.0.0) without configuration" name="should gracefully handle a message without data" file="/Users/bryan.english/dd-trace-js/packages/datadog-plugin-sharedb/test/index.spec.js" time="0"/>
<testcase classname="Plugin sharedb with sharedb &#x3E;=1 (1.0.0) without configuration" name="should propagate the parent tracing context" file="/Users/bryan.english/dd-trace-js/packages/datadog-plugin-sharedb/test/index.spec.js" time="0"/>
<testcase classname="Plugin sharedb with sharedb &#x3E;=1 (1.0.0) with configuration" name="should support receive and reply hooks" file="/Users/bryan.english/dd-trace-js/packages/datadog-plugin-sharedb/test/index.spec.js" time="0.002"/>
<testcase classname="Plugin sharedb with sharedb &#x3E;=1 (1.0.0) when the datastore throws an exception" name="should do automatic instrumentation &#x26; handle errors" file="/Users/bryan.english/dd-trace-js/packages/datadog-plugin-sharedb/test/index.spec.js" time="0.002"/>
<testcase classname="Plugin sharedb with sharedb &#x3E;=1 (5.2.2) without configuration" name="should do automatic instrumentation" file="/Users/bryan.english/dd-trace-js/packages/datadog-plugin-sharedb/test/index.spec.js" time="0.007"/>
<testcase classname="Plugin sharedb with sharedb &#x3E;=1 (5.2.2) without configuration" name="should be compatible with existing middleware" file="/Users/bryan.english/dd-trace-js/packages/datadog-plugin-sharedb/test/index.spec.js" time="0.002"/>
<testcase classname="Plugin sharedb with sharedb &#x3E;=1 (5.2.2) without configuration" name="should sanitize queries" file="/Users/bryan.english/dd-trace-js/packages/datadog-plugin-sharedb/test/index.spec.js" time="0.003"/>
<testcase classname="Plugin sharedb with sharedb &#x3E;=1 (5.2.2) without configuration" name="should gracefully handle an invalid or unsupported message action" file="/Users/bryan.english/dd-trace-js/packages/datadog-plugin-sharedb/test/index.spec.js" time="0"/>
<testcase classname="Plugin sharedb with sharedb &#x3E;=1 (5.2.2) without configuration" name="should gracefully handle a message without data" file="/Users/bryan.english/dd-trace-js/packages/datadog-plugin-sharedb/test/index.spec.js" time="0"/>
<testcase classname="Plugin sharedb with sharedb &#x3E;=1 (5.2.2) without configuration" name="should propagate the parent tracing context" file="/Users/bryan.english/dd-trace-js/packages/datadog-plugin-sharedb/test/index.spec.js" time="0"/>
<testcase classname="Plugin sharedb with sharedb &#x3E;=1 (5.2.2) with configuration" name="should support receive and reply hooks" file="/Users/bryan.english/dd-trace-js/packages/datadog-plugin-sharedb/test/index.spec.js" time="0.001"/>
<testcase classname="Plugin sharedb with sharedb &#x3E;=1 (5.2.2) when the datastore throws an exception" name="should do automatic instrumentation &#x26; handle errors" file="/Users/bryan.english/dd-trace-js/packages/datadog-plugin-sharedb/test/index.spec.js" time="0.002"/>
</testsuite>
