<testsuite name="Mocha Tests" tests="8" failures="0" errors="0" skipped="0" timestamp="Mon, 18 May 2026 18:14:00 GMT" time="0.664">
<testcase classname="Plugin azure-cosmos with @azure/cosmos &#x3E;=4.4.1 (4.4.1)" name="should create a span" file="/Users/rithika.narayan/go/src/github.com/DataDog/dd-trace-js/packages/datadog-plugin-azure-cosmos/test/index.spec.js" time="0.008"/>
<testcase classname="Plugin azure-cosmos with @azure/cosmos &#x3E;=4.4.1 (4.4.1)" name="should create spans with callback assertion" file="/Users/rithika.narayan/go/src/github.com/DataDog/dd-trace-js/packages/datadog-plugin-azure-cosmos/test/index.spec.js" time="0.011"/>
<testcase classname="Plugin azure-cosmos with @azure/cosmos &#x3E;=4.4.1 (4.4.1)" name="should not trace empty-path read during databases.createIfNotExists" file="/Users/rithika.narayan/go/src/github.com/DataDog/dd-trace-js/packages/datadog-plugin-azure-cosmos/test/index.spec.js" time="0.011"/>
<testcase classname="Plugin azure-cosmos with @azure/cosmos &#x3E;=4.4.1 (4.4.1)" name="should create spans if an error occurs" file="/Users/rithika.narayan/go/src/github.com/DataDog/dd-trace-js/packages/datadog-plugin-azure-cosmos/test/index.spec.js" time="0.008"/>
<testcase classname="Plugin azure-cosmos with @azure/cosmos &#x3E;=4.4.1 (4.9.2)" name="should create a span" file="/Users/rithika.narayan/go/src/github.com/DataDog/dd-trace-js/packages/datadog-plugin-azure-cosmos/test/index.spec.js" time="0.004"/>
<testcase classname="Plugin azure-cosmos with @azure/cosmos &#x3E;=4.4.1 (4.9.2)" name="should create spans with callback assertion" file="/Users/rithika.narayan/go/src/github.com/DataDog/dd-trace-js/packages/datadog-plugin-azure-cosmos/test/index.spec.js" time="0.008"/>
<testcase classname="Plugin azure-cosmos with @azure/cosmos &#x3E;=4.4.1 (4.9.2)" name="should not trace empty-path read during databases.createIfNotExists" file="/Users/rithika.narayan/go/src/github.com/DataDog/dd-trace-js/packages/datadog-plugin-azure-cosmos/test/index.spec.js" time="0.008"/>
<testcase classname="Plugin azure-cosmos with @azure/cosmos &#x3E;=4.4.1 (4.9.2)" name="should create spans if an error occurs" file="/Users/rithika.narayan/go/src/github.com/DataDog/dd-trace-js/packages/datadog-plugin-azure-cosmos/test/index.spec.js" time="0.008"/>
</testsuite>
