{
  "subtract.js": {
    "path": "subtract.js",
    "statementMap": {
      "0": {
        "start": {
          "line": 1,
          "column": 1
        },
        "end": {
          "line": 1,
          "column": 1
        }
      }
    },
    "fnMap": {
      "0": {
          "name": "(anonymous_0)",
          "decl": {
              "start": {
                  "line": 1,
                  "column": 1
              },
              "end": {
                  "line": 1,
                  "column": 1
              }
          },
          "loc": {
              "start": {
                  "line": 1,
                  "column": 1
              },
              "end": {
                  "line": 1,
                  "column": 1
              }
          },
          "line": 1
      }
    },
    "branchMap": {},
    "s": {
      "0": 1
    },
    "f": {
      "0": 1
    },
    "b": {}
  }
}
