{
  "sum.js": {
    "path": "sum.js",
    "statementMap": {
        "0": {
            "start": {
                "line": 16,
                "column": 19
            },
            "end": {
                "line": 16,
                "column": 42
            }
        },
        "1": {
            "start": {
                "line": 17,
                "column": 13
            },
            "end": {
                "line": 17,
                "column": 32
            }
        },
        "2": {
            "start": {
                "line": 18,
                "column": 14
            },
            "end": {
                "line": 18,
                "column": 32
            }
        },
        "3": {
            "start": {
                "line": 19,
                "column": 17
            },
            "end": {
                "line": 19,
                "column": 45
            }
        },
        "4": {
            "start": {
                "line": 20,
                "column": 12
            },
            "end": {
                "line": 20,
                "column": 41
            }
        },
        "5": {
            "start": {
                "line": 21,
                "column": 12
            },
            "end": {
                "line": 21,
                "column": 51
            }
        },
        "6": {
            "start": {
                "line": 22,
                "column": 11
            },
            "end": {
                "line": 22,
                "column": 28
            }
        },
        "7": {
            "start": {
                "line": 23,
                "column": 11
            },
            "end": {
                "line": 23,
                "column": 26
            }
        },
        "8": {
            "start": {
                "line": 24,
                "column": 18
            },
            "end": {
                "line": 24,
                "column": 48
            }
        },
        "9": {
            "start": {
                "line": 25,
                "column": 25
            },
            "end": {
                "line": 25,
                "column": 62
            }
        },
        "10": {
            "start": {
                "line": 26,
                "column": 19
            },
            "end": {
                "line": 26,
                "column": 50
            }
        },
        "11": {
            "start": {
                "line": 27,
                "column": 16
            },
            "end": {
                "line": 27,
                "column": 42
            }
        },
        "12": {
            "start": {
                "line": 28,
                "column": 14
            },
            "end": {
                "line": 28,
                "column": 38
            }
        },
        "13": {
            "start": {
                "line": 29,
                "column": 12
            },
            "end": {
                "line": 29,
                "column": 34
            }
        },
        "14": {
            "start": {
                "line": 30,
                "column": 14
            },
            "end": {
                "line": 30,
                "column": 37
            }
        },
        "15": {
            "start": {
                "line": 31,
                "column": 21
            },
            "end": {
                "line": 31,
                "column": 46
            }
        },
        "16": {
            "start": {
                "line": 32,
                "column": 12
            },
            "end": {
                "line": 32,
                "column": 33
            }
        },
        "17": {
            "start": {
                "line": 38,
                "column": 10
            },
            "end": {
                "line": 38,
                "column": 39
            }
        },
        "18": {
            "start": {
                "line": 45,
                "column": 30
            },
            "end": {
                "line": 45,
                "column": 60
            }
        },
        "19": {
            "start": {
                "line": 57,
                "column": 0
            },
            "end": {
                "line": 63,
                "column": 2
            }
        },
        "20": {
            "start": {
                "line": 58,
                "column": 2
            },
            "end": {
                "line": 58,
                "column": 18
            }
        },
        "21": {
            "start": {
                "line": 59,
                "column": 2
            },
            "end": {
                "line": 59,
                "column": 20
            }
        },
        "22": {
            "start": {
                "line": 60,
                "column": 2
            },
            "end": {
                "line": 60,
                "column": 21
            }
        },
        "23": {
            "start": {
                "line": 62,
                "column": 2
            },
            "end": {
                "line": 62,
                "column": 30
            }
        },
        "24": {
            "start": {
                "line": 70,
                "column": 0
            },
            "end": {
                "line": 127,
                "column": 2
            }
        },
        "25": {
            "start": {
                "line": 71,
                "column": 12
            },
            "end": {
                "line": 71,
                "column": 49
            }
        },
        "26": {
            "start": {
                "line": 74,
                "column": 2
            },
            "end": {
                "line": 74,
                "column": 30
            }
        },
        "27": {
            "start": {
                "line": 75,
                "column": 2
            },
            "end": {
                "line": 75,
                "column": 27
            }
        },
        "28": {
            "start": {
                "line": 76,
                "column": 2
            },
            "end": {
                "line": 76,
                "column": 23
            }
        },
        "29": {
            "start": {
                "line": 77,
                "column": 2
            },
            "end": {
                "line": 77,
                "column": 39
            }
        },
        "30": {
            "start": {
                "line": 78,
                "column": 2
            },
            "end": {
                "line": 78,
                "column": 34
            }
        },
        "31": {
            "start": {
                "line": 79,
                "column": 2
            },
            "end": {
                "line": 79,
                "column": 33
            }
        },
        "32": {
            "start": {
                "line": 82,
                "column": 2
            },
            "end": {
                "line": 85,
                "column": 5
            }
        },
        "33": {
            "start": {
                "line": 87,
                "column": 2
            },
            "end": {
                "line": 87,
                "column": 35
            }
        },
        "34": {
            "start": {
                "line": 89,
                "column": 2
            },
            "end": {
                "line": 102,
                "column": 5
            }
        },
        "35": {
            "start": {
                "line": 91,
                "column": 4
            },
            "end": {
                "line": 95,
                "column": 5
            }
        },
        "36": {
            "start": {
                "line": 93,
                "column": 6
            },
            "end": {
                "line": 93,
                "column": 42
            }
        },
        "37": {
            "start": {
                "line": 94,
                "column": 6
            },
            "end": {
                "line": 94,
                "column": 45
            }
        },
        "38": {
            "start": {
                "line": 98,
                "column": 4
            },
            "end": {
                "line": 98,
                "column": 48
            }
        },
        "39": {
            "start": {
                "line": 99,
                "column": 4
            },
            "end": {
                "line": 99,
                "column": 50
            }
        },
        "40": {
            "start": {
                "line": 100,
                "column": 4
            },
            "end": {
                "line": 100,
                "column": 48
            }
        },
        "41": {
            "start": {
                "line": 101,
                "column": 4
            },
            "end": {
                "line": 101,
                "column": 50
            }
        },
        "42": {
            "start": {
                "line": 105,
                "column": 2
            },
            "end": {
                "line": 105,
                "column": 36
            }
        },
        "43": {
            "start": {
                "line": 108,
                "column": 2
            },
            "end": {
                "line": 108,
                "column": 23
            }
        },
        "44": {
            "start": {
                "line": 111,
                "column": 2
            },
            "end": {
                "line": 111,
                "column": 39
            }
        },
        "45": {
            "start": {
                "line": 114,
                "column": 2
            },
            "end": {
                "line": 114,
                "column": 25
            }
        },
        "46": {
            "start": {
                "line": 115,
                "column": 2
            },
            "end": {
                "line": 115,
                "column": 38
            }
        },
        "47": {
            "start": {
                "line": 116,
                "column": 2
            },
            "end": {
                "line": 116,
                "column": 46
            }
        },
        "48": {
            "start": {
                "line": 118,
                "column": 2
            },
            "end": {
                "line": 120,
                "column": 3
            }
        },
        "49": {
            "start": {
                "line": 119,
                "column": 4
            },
            "end": {
                "line": 119,
                "column": 30
            }
        },
        "50": {
            "start": {
                "line": 122,
                "column": 2
            },
            "end": {
                "line": 126,
                "column": 5
            }
        },
        "51": {
            "start": {
                "line": 124,
                "column": 6
            },
            "end": {
                "line": 124,
                "column": 137
            }
        },
        "52": {
            "start": {
                "line": 137,
                "column": 0
            },
            "end": {
                "line": 147,
                "column": 2
            }
        },
        "53": {
            "start": {
                "line": 138,
                "column": 2
            },
            "end": {
                "line": 146,
                "column": 3
            }
        },
        "54": {
            "start": {
                "line": 139,
                "column": 4
            },
            "end": {
                "line": 142,
                "column": 7
            }
        },
        "55": {
            "start": {
                "line": 144,
                "column": 4
            },
            "end": {
                "line": 144,
                "column": 57
            }
        },
        "56": {
            "start": {
                "line": 145,
                "column": 4
            },
            "end": {
                "line": 145,
                "column": 44
            }
        },
        "57": {
            "start": {
                "line": 158,
                "column": 0
            },
            "end": {
                "line": 175,
                "column": 2
            }
        },
        "58": {
            "start": {
                "line": 159,
                "column": 15
            },
            "end": {
                "line": 159,
                "column": 27
            }
        },
        "59": {
            "start": {
                "line": 162,
                "column": 13
            },
            "end": {
                "line": 165,
                "column": 4
            }
        },
        "60": {
            "start": {
                "line": 168,
                "column": 2
            },
            "end": {
                "line": 172,
                "column": 3
            }
        },
        "61": {
            "start": {
                "line": 169,
                "column": 4
            },
            "end": {
                "line": 169,
                "column": 38
            }
        },
        "62": {
            "start": {
                "line": 170,
                "column": 4
            },
            "end": {
                "line": 170,
                "column": 11
            }
        },
        "63": {
            "start": {
                "line": 171,
                "column": 4
            },
            "end": {
                "line": 171,
                "column": 11
            }
        },
        "64": {
            "start": {
                "line": 174,
                "column": 2
            },
            "end": {
                "line": 174,
                "column": 32
            }
        },
        "65": {
            "start": {
                "line": 187,
                "column": 0
            },
            "end": {
                "line": 242,
                "column": 2
            }
        },
        "66": {
            "start": {
                "line": 188,
                "column": 15
            },
            "end": {
                "line": 188,
                "column": 16
            }
        },
        "67": {
            "start": {
                "line": 189,
                "column": 13
            },
            "end": {
                "line": 189,
                "column": 16
            }
        },
        "68": {
            "start": {
                "line": 193,
                "column": 2
            },
            "end": {
                "line": 205,
                "column": 3
            }
        },
        "69": {
            "start": {
                "line": 194,
                "column": 14
            },
            "end": {
                "line": 194,
                "column": 16
            }
        },
        "70": {
            "start": {
                "line": 196,
                "column": 4
            },
            "end": {
                "line": 198,
                "column": 5
            }
        },
        "71": {
            "start": {
                "line": 197,
                "column": 6
            },
            "end": {
                "line": 197,
                "column": 19
            }
        },
        "72": {
            "start": {
                "line": 201,
                "column": 4
            },
            "end": {
                "line": 204,
                "column": 5
            }
        },
        "73": {
            "start": {
                "line": 202,
                "column": 6
            },
            "end": {
                "line": 202,
                "column": 17
            }
        },
        "74": {
            "start": {
                "line": 203,
                "column": 6
            },
            "end": {
                "line": 203,
                "column": 16
            }
        },
        "75": {
            "start": {
                "line": 207,
                "column": 12
            },
            "end": {
                "line": 207,
                "column": 50
            }
        },
        "76": {
            "start": {
                "line": 209,
                "column": 2
            },
            "end": {
                "line": 211,
                "column": 3
            }
        },
        "77": {
            "start": {
                "line": 210,
                "column": 4
            },
            "end": {
                "line": 210,
                "column": 67
            }
        },
        "78": {
            "start": {
                "line": 214,
                "column": 2
            },
            "end": {
                "line": 214,
                "column": 20
            }
        },
        "79": {
            "start": {
                "line": 215,
                "column": 15
            },
            "end": {
                "line": 215,
                "column": 27
            }
        },
        "80": {
            "start": {
                "line": 217,
                "column": 2
            },
            "end": {
                "line": 239,
                "column": 11
            }
        },
        "81": {
            "start": {
                "line": 219,
                "column": 4
            },
            "end": {
                "line": 221,
                "column": 5
            }
        },
        "82": {
            "start": {
                "line": 220,
                "column": 6
            },
            "end": {
                "line": 220,
                "column": 34
            }
        },
        "83": {
            "start": {
                "line": 223,
                "column": 4
            },
            "end": {
                "line": 223,
                "column": 37
            }
        },
        "84": {
            "start": {
                "line": 224,
                "column": 4
            },
            "end": {
                "line": 224,
                "column": 24
            }
        },
        "85": {
            "start": {
                "line": 225,
                "column": 4
            },
            "end": {
                "line": 225,
                "column": 21
            }
        },
        "86": {
            "start": {
                "line": 228,
                "column": 4
            },
            "end": {
                "line": 235,
                "column": 7
            }
        },
        "87": {
            "start": {
                "line": 229,
                "column": 17
            },
            "end": {
                "line": 229,
                "column": 24
            }
        },
        "88": {
            "start": {
                "line": 230,
                "column": 6
            },
            "end": {
                "line": 234,
                "column": 9
            }
        },
        "89": {
            "start": {
                "line": 231,
                "column": 8
            },
            "end": {
                "line": 231,
                "column": 41
            }
        },
        "90": {
            "start": {
                "line": 232,
                "column": 8
            },
            "end": {
                "line": 232,
                "column": 42
            }
        },
        "91": {
            "start": {
                "line": 233,
                "column": 8
            },
            "end": {
                "line": 233,
                "column": 18
            }
        },
        "92": {
            "start": {
                "line": 238,
                "column": 4
            },
            "end": {
                "line": 238,
                "column": 27
            }
        },
        "93": {
            "start": {
                "line": 241,
                "column": 2
            },
            "end": {
                "line": 241,
                "column": 14
            }
        },
        "94": {
            "start": {
                "line": 254,
                "column": 0
            },
            "end": {
                "line": 257,
                "column": 2
            }
        },
        "95": {
            "start": {
                "line": 255,
                "column": 2
            },
            "end": {
                "line": 255,
                "column": 20
            }
        },
        "96": {
            "start": {
                "line": 256,
                "column": 2
            },
            "end": {
                "line": 256,
                "column": 34
            }
        },
        "97": {
            "start": {
                "line": 293,
                "column": 0
            },
            "end": {
                "line": 307,
                "column": 2
            }
        },
        "98": {
            "start": {
                "line": 294,
                "column": 2
            },
            "end": {
                "line": 296,
                "column": 3
            }
        },
        "99": {
            "start": {
                "line": 295,
                "column": 4
            },
            "end": {
                "line": 295,
                "column": 50
            }
        },
        "100": {
            "start": {
                "line": 299,
                "column": 18
            },
            "end": {
                "line": 301,
                "column": 9
            }
        },
        "101": {
            "start": {
                "line": 304,
                "column": 2
            },
            "end": {
                "line": 304,
                "column": 31
            }
        },
        "102": {
            "start": {
                "line": 306,
                "column": 2
            },
            "end": {
                "line": 306,
                "column": 14
            }
        },
        "103": {
            "start": {
                "line": 321,
                "column": 0
            },
            "end": {
                "line": 335,
                "column": 2
            }
        },
        "104": {
            "start": {
                "line": 322,
                "column": 2
            },
            "end": {
                "line": 322,
                "column": 20
            }
        },
        "105": {
            "start": {
                "line": 324,
                "column": 2
            },
            "end": {
                "line": 330,
                "column": 3
            }
        },
        "106": {
            "start": {
                "line": 325,
                "column": 4
            },
            "end": {
                "line": 327,
                "column": 5
            }
        },
        "107": {
            "start": {
                "line": 325,
                "column": 17
            },
            "end": {
                "line": 325,
                "column": 18
            }
        },
        "108": {
            "start": {
                "line": 326,
                "column": 6
            },
            "end": {
                "line": 326,
                "column": 30
            }
        },
        "109": {
            "start": {
                "line": 329,
                "column": 4
            },
            "end": {
                "line": 329,
                "column": 16
            }
        },
        "110": {
            "start": {
                "line": 332,
                "column": 2
            },
            "end": {
                "line": 332,
                "column": 31
            }
        },
        "111": {
            "start": {
                "line": 334,
                "column": 2
            },
            "end": {
                "line": 334,
                "column": 14
            }
        },
        "112": {
            "start": {
                "line": 352,
                "column": 0
            },
            "end": {
                "line": 384,
                "column": 2
            }
        },
        "113": {
            "start": {
                "line": 353,
                "column": 2
            },
            "end": {
                "line": 356,
                "column": 3
            }
        },
        "114": {
            "start": {
                "line": 355,
                "column": 4
            },
            "end": {
                "line": 355,
                "column": 34
            }
        },
        "115": {
            "start": {
                "line": 358,
                "column": 2
            },
            "end": {
                "line": 358,
                "column": 40
            }
        },
        "116": {
            "start": {
                "line": 361,
                "column": 2
            },
            "end": {
                "line": 361,
                "column": 31
            }
        },
        "117": {
            "start": {
                "line": 364,
                "column": 2
            },
            "end": {
                "line": 381,
                "column": 3
            }
        },
        "118": {
            "start": {
                "line": 366,
                "column": 6
            },
            "end": {
                "line": 366,
                "column": 44
            }
        },
        "119": {
            "start": {
                "line": 367,
                "column": 6
            },
            "end": {
                "line": 367,
                "column": 12
            }
        },
        "120": {
            "start": {
                "line": 369,
                "column": 6
            },
            "end": {
                "line": 369,
                "column": 59
            }
        },
        "121": {
            "start": {
                "line": 370,
                "column": 6
            },
            "end": {
                "line": 370,
                "column": 12
            }
        },
        "122": {
            "start": {
                "line": 372,
                "column": 6
            },
            "end": {
                "line": 372,
                "column": 52
            }
        },
        "123": {
            "start": {
                "line": 375,
                "column": 6
            },
            "end": {
                "line": 378,
                "column": 9
            }
        },
        "124": {
            "start": {
                "line": 380,
                "column": 6
            },
            "end": {
                "line": 380,
                "column": 12
            }
        },
        "125": {
            "start": {
                "line": 383,
                "column": 2
            },
            "end": {
                "line": 383,
                "column": 14
            }
        },
        "126": {
            "start": {
                "line": 400,
                "column": 0
            },
            "end": {
                "line": 404,
                "column": 2
            }
        },
        "127": {
            "start": {
                "line": 401,
                "column": 2
            },
            "end": {
                "line": 403,
                "column": 9
            }
        },
        "128": {
            "start": {
                "line": 421,
                "column": 0
            },
            "end": {
                "line": 423,
                "column": 2
            }
        },
        "129": {
            "start": {
                "line": 422,
                "column": 2
            },
            "end": {
                "line": 422,
                "column": 36
            }
        },
        "130": {
            "start": {
                "line": 440,
                "column": 0
            },
            "end": {
                "line": 442,
                "column": 2
            }
        },
        "131": {
            "start": {
                "line": 441,
                "column": 2
            },
            "end": {
                "line": 441,
                "column": 28
            }
        },
        "132": {
            "start": {
                "line": 452,
                "column": 0
            },
            "end": {
                "line": 454,
                "column": 2
            }
        },
        "133": {
            "start": {
                "line": 453,
                "column": 2
            },
            "end": {
                "line": 453,
                "column": 33
            }
        },
        "134": {
            "start": {
                "line": 464,
                "column": 0
            },
            "end": {
                "line": 466,
                "column": 2
            }
        },
        "135": {
            "start": {
                "line": 465,
                "column": 2
            },
            "end": {
                "line": 465,
                "column": 34
            }
        },
        "136": {
            "start": {
                "line": 472,
                "column": 0
            },
            "end": {
                "line": 485,
                "column": 3
            }
        },
        "137": {
            "start": {
                "line": 473,
                "column": 2
            },
            "end": {
                "line": 484,
                "column": 4
            }
        },
        "138": {
            "start": {
                "line": 474,
                "column": 4
            },
            "end": {
                "line": 477,
                "column": 5
            }
        },
        "139": {
            "start": {
                "line": 476,
                "column": 6
            },
            "end": {
                "line": 476,
                "column": 28
            }
        },
        "140": {
            "start": {
                "line": 479,
                "column": 4
            },
            "end": {
                "line": 479,
                "column": 22
            }
        },
        "141": {
            "start": {
                "line": 481,
                "column": 16
            },
            "end": {
                "line": 481,
                "column": 40
            }
        },
        "142": {
            "start": {
                "line": 482,
                "column": 4
            },
            "end": {
                "line": 482,
                "column": 57
            }
        },
        "143": {
            "start": {
                "line": 483,
                "column": 4
            },
            "end": {
                "line": 483,
                "column": 16
            }
        },
        "144": {
            "start": {
                "line": 497,
                "column": 0
            },
            "end": {
                "line": 508,
                "column": 2
            }
        },
        "145": {
            "start": {
                "line": 498,
                "column": 2
            },
            "end": {
                "line": 498,
                "column": 20
            }
        },
        "146": {
            "start": {
                "line": 500,
                "column": 14
            },
            "end": {
                "line": 500,
                "column": 38
            }
        },
        "147": {
            "start": {
                "line": 501,
                "column": 13
            },
            "end": {
                "line": 501,
                "column": 37
            }
        },
        "148": {
            "start": {
                "line": 503,
                "column": 2
            },
            "end": {
                "line": 505,
                "column": 3
            }
        },
        "149": {
            "start": {
                "line": 503,
                "column": 15
            },
            "end": {
                "line": 503,
                "column": 16
            }
        },
        "150": {
            "start": {
                "line": 504,
                "column": 4
            },
            "end": {
                "line": 504,
                "column": 41
            }
        },
        "151": {
            "start": {
                "line": 507,
                "column": 2
            },
            "end": {
                "line": 507,
                "column": 14
            }
        },
        "152": {
            "start": {
                "line": 512,
                "column": 0
            },
            "end": {
                "line": 512,
                "column": 76
            }
        },
        "153": {
            "start": {
                "line": 531,
                "column": 0
            },
            "end": {
                "line": 593,
                "column": 2
            }
        },
        "154": {
            "start": {
                "line": 532,
                "column": 14
            },
            "end": {
                "line": 532,
                "column": 24
            }
        },
        "155": {
            "start": {
                "line": 533,
                "column": 13
            },
            "end": {
                "line": 533,
                "column": 21
            }
        },
        "156": {
            "start": {
                "line": 534,
                "column": 16
            },
            "end": {
                "line": 534,
                "column": 28
            }
        },
        "157": {
            "start": {
                "line": 535,
                "column": 13
            },
            "end": {
                "line": 535,
                "column": 20
            }
        },
        "158": {
            "start": {
                "line": 536,
                "column": 22
            },
            "end": {
                "line": 536,
                "column": 24
            }
        },
        "159": {
            "start": {
                "line": 540,
                "column": 2
            },
            "end": {
                "line": 543,
                "column": 3
            }
        },
        "160": {
            "start": {
                "line": 541,
                "column": 4
            },
            "end": {
                "line": 541,
                "column": 19
            }
        },
        "161": {
            "start": {
                "line": 542,
                "column": 4
            },
            "end": {
                "line": 542,
                "column": 14
            }
        },
        "162": {
            "start": {
                "line": 546,
                "column": 2
            },
            "end": {
                "line": 546,
                "column": 36
            }
        },
        "163": {
            "start": {
                "line": 549,
                "column": 2
            },
            "end": {
                "line": 551,
                "column": 3
            }
        },
        "164": {
            "start": {
                "line": 550,
                "column": 4
            },
            "end": {
                "line": 550,
                "column": 39
            }
        },
        "165": {
            "start": {
                "line": 554,
                "column": 2
            },
            "end": {
                "line": 554,
                "column": 29
            }
        },
        "166": {
            "start": {
                "line": 557,
                "column": 2
            },
            "end": {
                "line": 559,
                "column": 3
            }
        },
        "167": {
            "start": {
                "line": 558,
                "column": 4
            },
            "end": {
                "line": 558,
                "column": 53
            }
        },
        "168": {
            "start": {
                "line": 562,
                "column": 2
            },
            "end": {
                "line": 564,
                "column": 3
            }
        },
        "169": {
            "start": {
                "line": 563,
                "column": 4
            },
            "end": {
                "line": 563,
                "column": 23
            }
        },
        "170": {
            "start": {
                "line": 567,
                "column": 2
            },
            "end": {
                "line": 589,
                "column": 3
            }
        },
        "171": {
            "start": {
                "line": 568,
                "column": 15
            },
            "end": {
                "line": 568,
                "column": 31
            }
        },
        "172": {
            "start": {
                "line": 570,
                "column": 4
            },
            "end": {
                "line": 574,
                "column": 7
            }
        },
        "173": {
            "start": {
                "line": 576,
                "column": 4
            },
            "end": {
                "line": 583,
                "column": 5
            }
        },
        "174": {
            "start": {
                "line": 577,
                "column": 17
            },
            "end": {
                "line": 579,
                "column": 41
            }
        },
        "175": {
            "start": {
                "line": 580,
                "column": 16
            },
            "end": {
                "line": 580,
                "column": 82
            }
        },
        "176": {
            "start": {
                "line": 581,
                "column": 6
            },
            "end": {
                "line": 581,
                "column": 22
            }
        },
        "177": {
            "start": {
                "line": 582,
                "column": 6
            },
            "end": {
                "line": 582,
                "column": 23
            }
        },
        "178": {
            "start": {
                "line": 586,
                "column": 4
            },
            "end": {
                "line": 588,
                "column": 5
            }
        },
        "179": {
            "start": {
                "line": 587,
                "column": 6
            },
            "end": {
                "line": 587,
                "column": 25
            }
        },
        "180": {
            "start": {
                "line": 592,
                "column": 2
            },
            "end": {
                "line": 592,
                "column": 39
            }
        },
        "181": {
            "start": {
                "line": 616,
                "column": 0
            },
            "end": {
                "line": 619,
                "column": 2
            }
        },
        "182": {
            "start": {
                "line": 617,
                "column": 15
            },
            "end": {
                "line": 617,
                "column": 38
            }
        },
        "183": {
            "start": {
                "line": 618,
                "column": 2
            },
            "end": {
                "line": 618,
                "column": 48
            }
        },
        "184": {
            "start": {
                "line": 639,
                "column": 2
            },
            "end": {
                "line": 643,
                "column": 3
            }
        },
        "185": {
            "start": {
                "line": 640,
                "column": 4
            },
            "end": {
                "line": 640,
                "column": 35
            }
        },
        "186": {
            "start": {
                "line": 642,
                "column": 4
            },
            "end": {
                "line": 642,
                "column": 18
            }
        }
    },
    "fnMap": {
        "0": {
            "name": "init",
            "decl": {
                "start": {
                    "line": 57,
                    "column": 20
                },
                "end": {
                    "line": 57,
                    "column": 24
                }
            },
            "loc": {
                "start": {
                    "line": 57,
                    "column": 27
                },
                "end": {
                    "line": 63,
                    "column": 1
                }
            },
            "line": 57
        },
        "1": {
            "name": "defaultConfiguration",
            "decl": {
                "start": {
                    "line": 70,
                    "column": 36
                },
                "end": {
                    "line": 70,
                    "column": 56
                }
            },
            "loc": {
                "start": {
                    "line": 70,
                    "column": 59
                },
                "end": {
                    "line": 127,
                    "column": 1
                }
            },
            "line": 70
        },
        "2": {
            "name": "onmount",
            "decl": {
                "start": {
                    "line": 89,
                    "column": 28
                },
                "end": {
                    "line": 89,
                    "column": 35
                }
            },
            "loc": {
                "start": {
                    "line": 89,
                    "column": 44
                },
                "end": {
                    "line": 102,
                    "column": 3
                }
            },
            "line": 89
        },
        "3": {
            "name": "(anonymous_3)",
            "decl": {
                "start": {
                    "line": 123,
                    "column": 9
                },
                "end": {
                    "line": 123,
                    "column": 10
                }
            },
            "loc": {
                "start": {
                    "line": 123,
                    "column": 20
                },
                "end": {
                    "line": 125,
                    "column": 5
                }
            },
            "line": 123
        },
        "4": {
            "name": "lazyrouter",
            "decl": {
                "start": {
                    "line": 137,
                    "column": 26
                },
                "end": {
                    "line": 137,
                    "column": 36
                }
            },
            "loc": {
                "start": {
                    "line": 137,
                    "column": 39
                },
                "end": {
                    "line": 147,
                    "column": 1
                }
            },
            "line": 137
        },
        "5": {
            "name": "handle",
            "decl": {
                "start": {
                    "line": 158,
                    "column": 22
                },
                "end": {
                    "line": 158,
                    "column": 28
                }
            },
            "loc": {
                "start": {
                    "line": 158,
                    "column": 49
                },
                "end": {
                    "line": 175,
                    "column": 1
                }
            },
            "line": 158
        },
        "6": {
            "name": "use",
            "decl": {
                "start": {
                    "line": 187,
                    "column": 19
                },
                "end": {
                    "line": 187,
                    "column": 22
                }
            },
            "loc": {
                "start": {
                    "line": 187,
                    "column": 27
                },
                "end": {
                    "line": 242,
                    "column": 1
                }
            },
            "line": 187
        },
        "7": {
            "name": "(anonymous_7)",
            "decl": {
                "start": {
                    "line": 217,
                    "column": 14
                },
                "end": {
                    "line": 217,
                    "column": 15
                }
            },
            "loc": {
                "start": {
                    "line": 217,
                    "column": 28
                },
                "end": {
                    "line": 239,
                    "column": 3
                }
            },
            "line": 217
        },
        "8": {
            "name": "mounted_app",
            "decl": {
                "start": {
                    "line": 228,
                    "column": 30
                },
                "end": {
                    "line": 228,
                    "column": 41
                }
            },
            "loc": {
                "start": {
                    "line": 228,
                    "column": 58
                },
                "end": {
                    "line": 235,
                    "column": 5
                }
            },
            "line": 228
        },
        "9": {
            "name": "(anonymous_9)",
            "decl": {
                "start": {
                    "line": 230,
                    "column": 26
                },
                "end": {
                    "line": 230,
                    "column": 27
                }
            },
            "loc": {
                "start": {
                    "line": 230,
                    "column": 41
                },
                "end": {
                    "line": 234,
                    "column": 7
                }
            },
            "line": 230
        },
        "10": {
            "name": "route",
            "decl": {
                "start": {
                    "line": 254,
                    "column": 21
                },
                "end": {
                    "line": 254,
                    "column": 26
                }
            },
            "loc": {
                "start": {
                    "line": 254,
                    "column": 33
                },
                "end": {
                    "line": 257,
                    "column": 1
                }
            },
            "line": 254
        },
        "11": {
            "name": "engine",
            "decl": {
                "start": {
                    "line": 293,
                    "column": 22
                },
                "end": {
                    "line": 293,
                    "column": 28
                }
            },
            "loc": {
                "start": {
                    "line": 293,
                    "column": 38
                },
                "end": {
                    "line": 307,
                    "column": 1
                }
            },
            "line": 293
        },
        "12": {
            "name": "param",
            "decl": {
                "start": {
                    "line": 321,
                    "column": 21
                },
                "end": {
                    "line": 321,
                    "column": 26
                }
            },
            "loc": {
                "start": {
                    "line": 321,
                    "column": 37
                },
                "end": {
                    "line": 335,
                    "column": 1
                }
            },
            "line": 321
        },
        "13": {
            "name": "set",
            "decl": {
                "start": {
                    "line": 352,
                    "column": 19
                },
                "end": {
                    "line": 352,
                    "column": 22
                }
            },
            "loc": {
                "start": {
                    "line": 352,
                    "column": 37
                },
                "end": {
                    "line": 384,
                    "column": 1
                }
            },
            "line": 352
        },
        "14": {
            "name": "path",
            "decl": {
                "start": {
                    "line": 400,
                    "column": 20
                },
                "end": {
                    "line": 400,
                    "column": 24
                }
            },
            "loc": {
                "start": {
                    "line": 400,
                    "column": 27
                },
                "end": {
                    "line": 404,
                    "column": 1
                }
            },
            "line": 400
        },
        "15": {
            "name": "enabled",
            "decl": {
                "start": {
                    "line": 421,
                    "column": 23
                },
                "end": {
                    "line": 421,
                    "column": 30
                }
            },
            "loc": {
                "start": {
                    "line": 421,
                    "column": 40
                },
                "end": {
                    "line": 423,
                    "column": 1
                }
            },
            "line": 421
        },
        "16": {
            "name": "disabled",
            "decl": {
                "start": {
                    "line": 440,
                    "column": 24
                },
                "end": {
                    "line": 440,
                    "column": 32
                }
            },
            "loc": {
                "start": {
                    "line": 440,
                    "column": 42
                },
                "end": {
                    "line": 442,
                    "column": 1
                }
            },
            "line": 440
        },
        "17": {
            "name": "enable",
            "decl": {
                "start": {
                    "line": 452,
                    "column": 22
                },
                "end": {
                    "line": 452,
                    "column": 28
                }
            },
            "loc": {
                "start": {
                    "line": 452,
                    "column": 38
                },
                "end": {
                    "line": 454,
                    "column": 1
                }
            },
            "line": 452
        },
        "18": {
            "name": "disable",
            "decl": {
                "start": {
                    "line": 464,
                    "column": 23
                },
                "end": {
                    "line": 464,
                    "column": 30
                }
            },
            "loc": {
                "start": {
                    "line": 464,
                    "column": 40
                },
                "end": {
                    "line": 466,
                    "column": 1
                }
            },
            "line": 464
        },
        "19": {
            "name": "(anonymous_19)",
            "decl": {
                "start": {
                    "line": 472,
                    "column": 16
                },
                "end": {
                    "line": 472,
                    "column": 17
                }
            },
            "loc": {
                "start": {
                    "line": 472,
                    "column": 32
                },
                "end": {
                    "line": 485,
                    "column": 1
                }
            },
            "line": 472
        },
        "20": {
            "name": "(anonymous_20)",
            "decl": {
                "start": {
                    "line": 473,
                    "column": 16
                },
                "end": {
                    "line": 473,
                    "column": 17
                }
            },
            "loc": {
                "start": {
                    "line": 473,
                    "column": 30
                },
                "end": {
                    "line": 484,
                    "column": 3
                }
            },
            "line": 473
        },
        "21": {
            "name": "all",
            "decl": {
                "start": {
                    "line": 497,
                    "column": 19
                },
                "end": {
                    "line": 497,
                    "column": 22
                }
            },
            "loc": {
                "start": {
                    "line": 497,
                    "column": 29
                },
                "end": {
                    "line": 508,
                    "column": 1
                }
            },
            "line": 497
        },
        "22": {
            "name": "render",
            "decl": {
                "start": {
                    "line": 531,
                    "column": 22
                },
                "end": {
                    "line": 531,
                    "column": 28
                }
            },
            "loc": {
                "start": {
                    "line": 531,
                    "column": 54
                },
                "end": {
                    "line": 593,
                    "column": 1
                }
            },
            "line": 531
        },
        "23": {
            "name": "listen",
            "decl": {
                "start": {
                    "line": 616,
                    "column": 22
                },
                "end": {
                    "line": 616,
                    "column": 28
                }
            },
            "loc": {
                "start": {
                    "line": 616,
                    "column": 31
                },
                "end": {
                    "line": 619,
                    "column": 1
                }
            },
            "line": 616
        },
        "24": {
            "name": "logerror",
            "decl": {
                "start": {
                    "line": 628,
                    "column": 9
                },
                "end": {
                    "line": 628,
                    "column": 17
                }
            },
            "loc": {
                "start": {
                    "line": 628,
                    "column": 23
                },
                "end": {
                    "line": 631,
                    "column": 1
                }
            },
            "line": 628
        },
        "25": {
            "name": "tryRender",
            "decl": {
                "start": {
                    "line": 638,
                    "column": 9
                },
                "end": {
                    "line": 638,
                    "column": 18
                }
            },
            "loc": {
                "start": {
                    "line": 638,
                    "column": 44
                },
                "end": {
                    "line": 644,
                    "column": 1
                }
            },
            "line": 638
        }
    },
    "branchMap": {
        "0": {
            "loc": {
                "start": {
                    "line": 71,
                    "column": 12
                },
                "end": {
                    "line": 71,
                    "column": 49
                }
            },
            "type": "binary-expr",
            "locations": [
                {
                    "start": {
                        "line": 71,
                        "column": 12
                    },
                    "end": {
                        "line": 71,
                        "column": 32
                    }
                },
                {
                    "start": {
                        "line": 71,
                        "column": 36
                    },
                    "end": {
                        "line": 71,
                        "column": 49
                    }
                }
            ],
            "line": 71
        },
        "1": {
            "loc": {
                "start": {
                    "line": 91,
                    "column": 4
                },
                "end": {
                    "line": 95,
                    "column": 5
                }
            },
            "type": "if",
            "locations": [
                {
                    "start": {
                        "line": 91,
                        "column": 4
                    },
                    "end": {
                        "line": 95,
                        "column": 5
                    }
                },
                {
                    "start": {
                        "line": 91,
                        "column": 4
                    },
                    "end": {
                        "line": 95,
                        "column": 5
                    }
                }
            ],
            "line": 91
        },
        "2": {
            "loc": {
                "start": {
                    "line": 91,
                    "column": 8
                },
                "end": {
                    "line": 92,
                    "column": 64
                }
            },
            "type": "binary-expr",
            "locations": [
                {
                    "start": {
                        "line": 91,
                        "column": 8
                    },
                    "end": {
                        "line": 91,
                        "column": 55
                    }
                },
                {
                    "start": {
                        "line": 92,
                        "column": 9
                    },
                    "end": {
                        "line": 92,
                        "column": 64
                    }
                }
            ],
            "line": 91
        },
        "3": {
            "loc": {
                "start": {
                    "line": 118,
                    "column": 2
                },
                "end": {
                    "line": 120,
                    "column": 3
                }
            },
            "type": "if",
            "locations": [
                {
                    "start": {
                        "line": 118,
                        "column": 2
                    },
                    "end": {
                        "line": 120,
                        "column": 3
                    }
                },
                {
                    "start": {
                        "line": 118,
                        "column": 2
                    },
                    "end": {
                        "line": 120,
                        "column": 3
                    }
                }
            ],
            "line": 118
        },
        "4": {
            "loc": {
                "start": {
                    "line": 138,
                    "column": 2
                },
                "end": {
                    "line": 146,
                    "column": 3
                }
            },
            "type": "if",
            "locations": [
                {
                    "start": {
                        "line": 138,
                        "column": 2
                    },
                    "end": {
                        "line": 146,
                        "column": 3
                    }
                },
                {
                    "start": {
                        "line": 138,
                        "column": 2
                    },
                    "end": {
                        "line": 146,
                        "column": 3
                    }
                }
            ],
            "line": 138
        },
        "5": {
            "loc": {
                "start": {
                    "line": 162,
                    "column": 13
                },
                "end": {
                    "line": 165,
                    "column": 4
                }
            },
            "type": "binary-expr",
            "locations": [
                {
                    "start": {
                        "line": 162,
                        "column": 13
                    },
                    "end": {
                        "line": 162,
                        "column": 21
                    }
                },
                {
                    "start": {
                        "line": 162,
                        "column": 25
                    },
                    "end": {
                        "line": 165,
                        "column": 4
                    }
                }
            ],
            "line": 162
        },
        "6": {
            "loc": {
                "start": {
                    "line": 168,
                    "column": 2
                },
                "end": {
                    "line": 172,
                    "column": 3
                }
            },
            "type": "if",
            "locations": [
                {
                    "start": {
                        "line": 168,
                        "column": 2
                    },
                    "end": {
                        "line": 172,
                        "column": 3
                    }
                },
                {
                    "start": {
                        "line": 168,
                        "column": 2
                    },
                    "end": {
                        "line": 172,
                        "column": 3
                    }
                }
            ],
            "line": 168
        },
        "7": {
            "loc": {
                "start": {
                    "line": 193,
                    "column": 2
                },
                "end": {
                    "line": 205,
                    "column": 3
                }
            },
            "type": "if",
            "locations": [
                {
                    "start": {
                        "line": 193,
                        "column": 2
                    },
                    "end": {
                        "line": 205,
                        "column": 3
                    }
                },
                {
                    "start": {
                        "line": 193,
                        "column": 2
                    },
                    "end": {
                        "line": 205,
                        "column": 3
                    }
                }
            ],
            "line": 193
        },
        "8": {
            "loc": {
                "start": {
                    "line": 196,
                    "column": 11
                },
                "end": {
                    "line": 196,
                    "column": 49
                }
            },
            "type": "binary-expr",
            "locations": [
                {
                    "start": {
                        "line": 196,
                        "column": 11
                    },
                    "end": {
                        "line": 196,
                        "column": 29
                    }
                },
                {
                    "start": {
                        "line": 196,
                        "column": 33
                    },
                    "end": {
                        "line": 196,
                        "column": 49
                    }
                }
            ],
            "line": 196
        },
        "9": {
            "loc": {
                "start": {
                    "line": 201,
                    "column": 4
                },
                "end": {
                    "line": 204,
                    "column": 5
                }
            },
            "type": "if",
            "locations": [
                {
                    "start": {
                        "line": 201,
                        "column": 4
                    },
                    "end": {
                        "line": 204,
                        "column": 5
                    }
                },
                {
                    "start": {
                        "line": 201,
                        "column": 4
                    },
                    "end": {
                        "line": 204,
                        "column": 5
                    }
                }
            ],
            "line": 201
        },
        "10": {
            "loc": {
                "start": {
                    "line": 209,
                    "column": 2
                },
                "end": {
                    "line": 211,
                    "column": 3
                }
            },
            "type": "if",
            "locations": [
                {
                    "start": {
                        "line": 209,
                        "column": 2
                    },
                    "end": {
                        "line": 211,
                        "column": 3
                    }
                },
                {
                    "start": {
                        "line": 209,
                        "column": 2
                    },
                    "end": {
                        "line": 211,
                        "column": 3
                    }
                }
            ],
            "line": 209
        },
        "11": {
            "loc": {
                "start": {
                    "line": 219,
                    "column": 4
                },
                "end": {
                    "line": 221,
                    "column": 5
                }
            },
            "type": "if",
            "locations": [
                {
                    "start": {
                        "line": 219,
                        "column": 4
                    },
                    "end": {
                        "line": 221,
                        "column": 5
                    }
                },
                {
                    "start": {
                        "line": 219,
                        "column": 4
                    },
                    "end": {
                        "line": 221,
                        "column": 5
                    }
                }
            ],
            "line": 219
        },
        "12": {
            "loc": {
                "start": {
                    "line": 219,
                    "column": 8
                },
                "end": {
                    "line": 219,
                    "column": 36
                }
            },
            "type": "binary-expr",
            "locations": [
                {
                    "start": {
                        "line": 219,
                        "column": 8
                    },
                    "end": {
                        "line": 219,
                        "column": 11
                    }
                },
                {
                    "start": {
                        "line": 219,
                        "column": 15
                    },
                    "end": {
                        "line": 219,
                        "column": 25
                    }
                },
                {
                    "start": {
                        "line": 219,
                        "column": 29
                    },
                    "end": {
                        "line": 219,
                        "column": 36
                    }
                }
            ],
            "line": 219
        },
        "13": {
            "loc": {
                "start": {
                    "line": 294,
                    "column": 2
                },
                "end": {
                    "line": 296,
                    "column": 3
                }
            },
            "type": "if",
            "locations": [
                {
                    "start": {
                        "line": 294,
                        "column": 2
                    },
                    "end": {
                        "line": 296,
                        "column": 3
                    }
                },
                {
                    "start": {
                        "line": 294,
                        "column": 2
                    },
                    "end": {
                        "line": 296,
                        "column": 3
                    }
                }
            ],
            "line": 294
        },
        "14": {
            "loc": {
                "start": {
                    "line": 299,
                    "column": 18
                },
                "end": {
                    "line": 301,
                    "column": 9
                }
            },
            "type": "cond-expr",
            "locations": [
                {
                    "start": {
                        "line": 300,
                        "column": 6
                    },
                    "end": {
                        "line": 300,
                        "column": 15
                    }
                },
                {
                    "start": {
                        "line": 301,
                        "column": 6
                    },
                    "end": {
                        "line": 301,
                        "column": 9
                    }
                }
            ],
            "line": 299
        },
        "15": {
            "loc": {
                "start": {
                    "line": 324,
                    "column": 2
                },
                "end": {
                    "line": 330,
                    "column": 3
                }
            },
            "type": "if",
            "locations": [
                {
                    "start": {
                        "line": 324,
                        "column": 2
                    },
                    "end": {
                        "line": 330,
                        "column": 3
                    }
                },
                {
                    "start": {
                        "line": 324,
                        "column": 2
                    },
                    "end": {
                        "line": 330,
                        "column": 3
                    }
                }
            ],
            "line": 324
        },
        "16": {
            "loc": {
                "start": {
                    "line": 353,
                    "column": 2
                },
                "end": {
                    "line": 356,
                    "column": 3
                }
            },
            "type": "if",
            "locations": [
                {
                    "start": {
                        "line": 353,
                        "column": 2
                    },
                    "end": {
                        "line": 356,
                        "column": 3
                    }
                },
                {
                    "start": {
                        "line": 353,
                        "column": 2
                    },
                    "end": {
                        "line": 356,
                        "column": 3
                    }
                }
            ],
            "line": 353
        },
        "17": {
            "loc": {
                "start": {
                    "line": 364,
                    "column": 2
                },
                "end": {
                    "line": 381,
                    "column": 3
                }
            },
            "type": "switch",
            "locations": [
                {
                    "start": {
                        "line": 365,
                        "column": 4
                    },
                    "end": {
                        "line": 367,
                        "column": 12
                    }
                },
                {
                    "start": {
                        "line": 368,
                        "column": 4
                    },
                    "end": {
                        "line": 370,
                        "column": 12
                    }
                },
                {
                    "start": {
                        "line": 371,
                        "column": 4
                    },
                    "end": {
                        "line": 380,
                        "column": 12
                    }
                }
            ],
            "line": 364
        },
        "18": {
            "loc": {
                "start": {
                    "line": 401,
                    "column": 9
                },
                "end": {
                    "line": 403,
                    "column": 8
                }
            },
            "type": "cond-expr",
            "locations": [
                {
                    "start": {
                        "line": 402,
                        "column": 6
                    },
                    "end": {
                        "line": 402,
                        "column": 41
                    }
                },
                {
                    "start": {
                        "line": 403,
                        "column": 6
                    },
                    "end": {
                        "line": 403,
                        "column": 8
                    }
                }
            ],
            "line": 401
        },
        "19": {
            "loc": {
                "start": {
                    "line": 474,
                    "column": 4
                },
                "end": {
                    "line": 477,
                    "column": 5
                }
            },
            "type": "if",
            "locations": [
                {
                    "start": {
                        "line": 474,
                        "column": 4
                    },
                    "end": {
                        "line": 477,
                        "column": 5
                    }
                },
                {
                    "start": {
                        "line": 474,
                        "column": 4
                    },
                    "end": {
                        "line": 477,
                        "column": 5
                    }
                }
            ],
            "line": 474
        },
        "20": {
            "loc": {
                "start": {
                    "line": 474,
                    "column": 8
                },
                "end": {
                    "line": 474,
                    "column": 50
                }
            },
            "type": "binary-expr",
            "locations": [
                {
                    "start": {
                        "line": 474,
                        "column": 8
                    },
                    "end": {
                        "line": 474,
                        "column": 24
                    }
                },
                {
                    "start": {
                        "line": 474,
                        "column": 28
                    },
                    "end": {
                        "line": 474,
                        "column": 50
                    }
                }
            ],
            "line": 474
        },
        "21": {
            "loc": {
                "start": {
                    "line": 540,
                    "column": 2
                },
                "end": {
                    "line": 543,
                    "column": 3
                }
            },
            "type": "if",
            "locations": [
                {
                    "start": {
                        "line": 540,
                        "column": 2
                    },
                    "end": {
                        "line": 543,
                        "column": 3
                    }
                },
                {
                    "start": {
                        "line": 540,
                        "column": 2
                    },
                    "end": {
                        "line": 543,
                        "column": 3
                    }
                }
            ],
            "line": 540
        },
        "22": {
            "loc": {
                "start": {
                    "line": 549,
                    "column": 2
                },
                "end": {
                    "line": 551,
                    "column": 3
                }
            },
            "type": "if",
            "locations": [
                {
                    "start": {
                        "line": 549,
                        "column": 2
                    },
                    "end": {
                        "line": 551,
                        "column": 3
                    }
                },
                {
                    "start": {
                        "line": 549,
                        "column": 2
                    },
                    "end": {
                        "line": 551,
                        "column": 3
                    }
                }
            ],
            "line": 549
        },
        "23": {
            "loc": {
                "start": {
                    "line": 557,
                    "column": 2
                },
                "end": {
                    "line": 559,
                    "column": 3
                }
            },
            "type": "if",
            "locations": [
                {
                    "start": {
                        "line": 557,
                        "column": 2
                    },
                    "end": {
                        "line": 559,
                        "column": 3
                    }
                },
                {
                    "start": {
                        "line": 557,
                        "column": 2
                    },
                    "end": {
                        "line": 559,
                        "column": 3
                    }
                }
            ],
            "line": 557
        },
        "24": {
            "loc": {
                "start": {
                    "line": 562,
                    "column": 2
                },
                "end": {
                    "line": 564,
                    "column": 3
                }
            },
            "type": "if",
            "locations": [
                {
                    "start": {
                        "line": 562,
                        "column": 2
                    },
                    "end": {
                        "line": 564,
                        "column": 3
                    }
                },
                {
                    "start": {
                        "line": 562,
                        "column": 2
                    },
[...]
                },
                "end": {
                    "line": 330,
                    "column": 3
                }
            },
            "type": "if",
            "locations": [
                {
                    "start": {
                        "line": 324,
                        "column": 2
                    },
                    "end": {
                        "line": 330,
                        "column": 3
                    }
                },
                {
                    "start": {
                        "line": 324,
                        "column": 2
                    },
                    "end": {
                        "line": 330,
                        "column": 3
                    }
                }
            ],
            "line": 324
        },
        "16": {
            "loc": {
                "start": {
                    "line": 353,
                    "column": 2
                },
                "end": {
                    "line": 356,
                    "column": 3
                }
            },
            "type": "if",
            "locations": [
                {
                    "start": {
                        "line": 353,
                        "column": 2
                    },
                    "end": {
                        "line": 356,
                        "column": 3
                    }
                },
                {
                    "start": {
                        "line": 353,
                        "column": 2
                    },
                    "end": {
                        "line": 356,
                        "column": 3
                    }
                }
            ],
            "line": 353
        },
        "17": {
            "loc": {
                "start": {
                    "line": 364,
                    "column": 2
                },
                "end": {
                    "line": 381,
                    "column": 3
                }
            },
            "type": "switch",
            "locations": [
                {
                    "start": {
                        "line": 365,
                        "column": 4
                    },
                    "end": {
                        "line": 367,
                        "column": 12
                    }
                },
                {
                    "start": {
                        "line": 368,
                        "column": 4
                    },
                    "end": {
                        "line": 370,
                        "column": 12
                    }
                },
                {
                    "start": {
                        "line": 371,
                        "column": 4
                    },
                    "end": {
                        "line": 380,
                        "column": 12
                    }
                }
            ],
            "line": 364
        },
        "18": {
            "loc": {
                "start": {
                    "line": 401,
                    "column": 9
                },
                "end": {
                    "line": 403,
                    "column": 8
                }
            },
            "type": "cond-expr",
            "locations": [
                {
                    "start": {
                        "line": 402,
                        "column": 6
                    },
                    "end": {
                        "line": 402,
                        "column": 41
                    }
                },
                {
                    "start": {
                        "line": 403,
                        "column": 6
                    },
                    "end": {
                        "line": 403,
                        "column": 8
                    }
                }
            ],
            "line": 401
        },
        "19": {
            "loc": {
                "start": {
                    "line": 474,
                    "column": 4
                },
                "end": {
                    "line": 477,
                    "column": 5
                }
            },
            "type": "if",
            "locations": [
                {
                    "start": {
                        "line": 474,
                        "column": 4
                    },
                    "end": {
                        "line": 477,
                        "column": 5
                    }
                },
                {
                    "start": {
                        "line": 474,
                        "column": 4
                    },
                    "end": {
                        "line": 477,
                        "column": 5
                    }
                }
            ],
            "line": 474
        },
        "20": {
            "loc": {
                "start": {
                    "line": 474,
                    "column": 8
                },
                "end": {
                    "line": 474,
                    "column": 50
                }
            },
            "type": "binary-expr",
            "locations": [
                {
                    "start": {
                        "line": 474,
                        "column": 8
                    },
                    "end": {
                        "line": 474,
                        "column": 24
                    }
                },
                {
                    "start": {
                        "line": 474,
                        "column": 28
                    },
                    "end": {
                        "line": 474,
                        "column": 50
                    }
                }
            ],
            "line": 474
        },
        "21": {
            "loc": {
                "start": {
                    "line": 540,
                    "column": 2
                },
                "end": {
                    "line": 543,
                    "column": 3
                }
            },
            "type": "if",
            "locations": [
                {
                    "start": {
                        "line": 540,
                        "column": 2
                    },
                    "end": {
                        "line": 543,
                        "column": 3
                    }
                },
                {
                    "start": {
                        "line": 540,
                        "column": 2
                    },
                    "end": {
                        "line": 543,
                        "column": 3
                    }
                }
            ],
            "line": 540
        },
        "22": {
            "loc": {
                "start": {
                    "line": 549,
                    "column": 2
                },
                "end": {
                    "line": 551,
                    "column": 3
                }
            },
            "type": "if",
            "locations": [
                {
                    "start": {
                        "line": 549,
                        "column": 2
                    },
                    "end": {
                        "line": 551,
                        "column": 3
                    }
                },
                {
                    "start": {
                        "line": 549,
                        "column": 2
                    },
                    "end": {
                        "line": 551,
                        "column": 3
                    }
                }
            ],
            "line": 549
        },
        "23": {
            "loc": {
                "start": {
                    "line": 557,
                    "column": 2
                },
                "end": {
                    "line": 559,
                    "column": 3
                }
            },
            "type": "if",
            "locations": [
                {
                    "start": {
                        "line": 557,
                        "column": 2
                    },
                    "end": {
                        "line": 559,
                        "column": 3
                    }
                },
                {
                    "start": {
                        "line": 557,
                        "column": 2
                    },
                    "end": {
                        "line": 559,
                        "column": 3
                    }
                }
            ],
            "line": 557
        },
        "24": {
            "loc": {
                "start": {
                    "line": 562,
                    "column": 2
                },
                "end": {
                    "line": 564,
                    "column": 3
                }
            },
            "type": "if",
            "locations": [
                {
                    "start": {
                        "line": 562,
                        "column": 2
                    },
                    "end": {
                        "line": 564,
                        "column": 3
                    }
                },
                {
                    "start": {
                        "line": 562,
                        "column": 2
                    },
                    "end": {
                        "line": 564,
                        "column": 3
                    }
                }
            ],
            "line": 562
        },
        "25": {
            "loc": {
                "start": {
                    "line": 567,
                    "column": 2
                },
                "end": {
                    "line": 589,
                    "column": 3
                }
            },
            "type": "if",
            "locations": [
                {
                    "start": {
                        "line": 567,
                        "column": 2
                    },
                    "end": {
                        "line": 589,
                        "column": 3
                    }
                },
                {
                    "start": {
                        "line": 567,
                        "column": 2
                    },
                    "end": {
                        "line": 589,
                        "column": 3
                    }
                }
            ],
            "line": 567
        },
        "26": {
            "loc": {
                "start": {
                    "line": 576,
                    "column": 4
                },
                "end": {
                    "line": 583,
                    "column": 5
                }
            },
            "type": "if",
            "locations": [
                {
                    "start": {
                        "line": 576,
                        "column": 4
                    },
                    "end": {
                        "line": 583,
                        "column": 5
                    }
                },
                {
                    "start": {
                        "line": 576,
                        "column": 4
                    },
                    "end": {
                        "line": 583,
                        "column": 5
                    }
                }
            ],
            "line": 576
        },
        "27": {
            "loc": {
                "start": {
                    "line": 577,
                    "column": 17
                },
                "end": {
                    "line": 579,
                    "column": 41
                }
            },
            "type": "cond-expr",
            "locations": [
                {
                    "start": {
                        "line": 578,
                        "column": 10
                    },
                    "end": {
                        "line": 578,
                        "column": 114
                    }
                },
                {
                    "start": {
                        "line": 579,
                        "column": 10
                    },
                    "end": {
                        "line": 579,
                        "column": 41
                    }
                }
            ],
            "line": 577
        },
        "28": {
            "loc": {
                "start": {
                    "line": 577,
                    "column": 17
                },
                "end": {
                    "line": 577,
                    "column": 65
                }
            },
            "type": "binary-expr",
            "locations": [
                {
                    "start": {
                        "line": 577,
                        "column": 17
                    },
                    "end": {
                        "line": 577,
                        "column": 41
                    }
                },
                {
                    "start": {
                        "line": 577,
                        "column": 45
                    },
                    "end": {
                        "line": 577,
                        "column": 65
                    }
                }
            ],
            "line": 577
        },
        "29": {
            "loc": {
                "start": {
                    "line": 586,
                    "column": 4
                },
                "end": {
                    "line": 588,
                    "column": 5
                }
            },
            "type": "if",
            "locations": [
                {
                    "start": {
                        "line": 586,
                        "column": 4
                    },
                    "end": {
                        "line": 588,
                        "column": 5
                    }
                },
                {
                    "start": {
                        "line": 586,
                        "column": 4
                    },
                    "end": {
                        "line": 588,
                        "column": 5
                    }
                }
            ],
            "line": 586
        }
    },
    "s": {
        "0": 1,
        "1": 1,
        "2": 1,
        "3": 1,
        "4": 1,
        "5": 1,
        "6": 1,
        "7": 1,
        "8": 1,
        "9": 1,
        "10": 1,
        "11": 1,
        "12": 1,
        "13": 1,
        "14": 1,
        "15": 1,
        "16": 1,
        "17": 1,
        "18": 1,
        "19": 1,
        "20": 30,
        "21": 30,
        "22": 30,
        "23": 30,
        "24": 1,
        "25": 30,
        "26": 30,
        "27": 30,
        "28": 30,
        "29": 30,
        "30": 30,
        "31": 30,
        "32": 30,
        "33": 30,
        "34": 30,
        "35": 4,
        "36": 4,
        "37": 4,
        "38": 4,
        "39": 4,
        "40": 4,
        "41": 4,
        "42": 30,
        "43": 30,
        "44": 30,
        "45": 30,
        "46": 30,
        "47": 30,
        "48": 30,
        "49": 0,
        "50": 30,
        "51": 0,
        "52": 1,
        "53": 106,
        "54": 30,
        "55": 30,
        "56": 30,
        "57": 1,
        "58": 0,
        "59": 0,
        "60": 0,
        "61": 0,
        "62": 0,
        "63": 0,
        "64": 0,
        "65": 1,
        "66": 44,
        "67": 44,
        "68": 44,
        "69": 3,
        "70": 3,
        "71": 0,
        "72": 3,
        "73": 3,
        "74": 3,
        "75": 44,
        "76": 44,
        "77": 0,
        "78": 44,
        "79": 44,
        "80": 44,
        "81": 44,
        "82": 40,
        "83": 4,
        "84": 4,
        "85": 4,
        "86": 4,
        "87": 0,
        "88": 0,
        "89": 0,
        "90": 0,
        "91": 0,
        "92": 4,
        "93": 44,
        "94": 1,
        "95": 0,
        "96": 0,
        "97": 1,
        "98": 2,
        "99": 0,
        "100": 2,
        "101": 2,
        "102": 2,
        "103": 1,
        "104": 4,
        "105": 4,
        "106": 1,
        "107": 1,
        "108": 2,
        "109": 1,
        "110": 3,
        "111": 3,
        "112": 1,
        "113": 470,
        "114": 91,
        "115": 379,
        "116": 379,
        "117": 379,
        "118": 30,
        "119": 30,
        "120": 30,
        "121": 30,
        "122": 30,
        "123": 30,
        "124": 30,
        "125": 379,
        "126": 1,
        "127": 0,
        "128": 1,
        "129": 60,
        "130": 1,
        "131": 0,
        "132": 1,
        "133": 31,
        "134": 1,
        "135": 0,
        "136": 1,
        "137": 34,
        "138": 88,
        "139": 31,
        "140": 57,
        "141": 57,
        "142": 57,
        "143": 57,
        "144": 1,
        "145": 1,
        "146": 1,
        "147": 1,
        "148": 1,
        "149": 1,
        "150": 34,
        "151": 1,
        "152": 1,
        "153": 1,
        "154": 0,
        "155": 0,
        "156": 0,
        "157": 0,
        "158": 0,
        "159": 0,
        "160": 0,
        "161": 0,
        "162": 0,
        "163": 0,
        "164": 0,
        "165": 0,
        "166": 0,
        "167": 0,
        "168": 0,
        "169": 0,
        "170": 0,
        "171": 0,
        "172": 0,
        "173": 0,
        "174": 0,
        "175": 0,
        "176": 0,
        "177": 0,
        "178": 0,
        "179": 0,
        "180": 0,
        "181": 1,
        "182": 0,
        "183": 0,
        "184": 0,
        "185": 0,
        "186": 0
    },
    "f": {
        "0": 30,
        "1": 30,
        "2": 4,
        "3": 0,
        "4": 106,
        "5": 0,
        "6": 44,
        "7": 44,
        "8": 0,
        "9": 0,
        "10": 0,
        "11": 2,
        "12": 4,
        "13": 470,
        "14": 0,
        "15": 60,
        "16": 0,
        "17": 31,
        "18": 0,
        "19": 34,
        "20": 88,
        "21": 1,
        "22": 0,
        "23": 0,
        "24": 0,
        "25": 0
    },
    "b": {
        "0": [
            30,
            0
        ],
        "1": [
            4,
            0
        ],
        "2": [
            4,
            4
        ],
        "3": [
            0,
            30
        ],
        "4": [
            30,
            76
        ],
        "5": [
            0,
            0
        ],
        "6": [
            0,
            0
        ],
        "7": [
            3,
            41
        ],
        "8": [
            3,
            0
        ],
        "9": [
            3,
            0
        ],
        "10": [
            0,
            44
        ],
        "11": [
            40,
            4
        ],
        "12": [
            44,
            44,
            7
        ],
        "13": [
            0,
            2
        ],
        "14": [
            1,
            1
        ],
        "15": [
            1,
            3
        ],
        "16": [
            91,
            379
        ],
        "17": [
            30,
            30,
            30
        ],
        "18": [
            0,
            0
        ],
        "19": [
            31,
            57
        ],
        "20": [
            88,
            79
        ],
        "21": [
            0,
            0
        ],
        "22": [
            0,
            0
        ],
        "23": [
            0,
            0
        ],
        "24": [
            0,
            0
        ],
        "25": [
            0,
            0
        ],
        "26": [
            0,
            0
        ],
        "27": [
            0,
            0
        ],
        "28": [
            0,
            0
        ],
        "29": [
            0,
            0
        ]
    }
  }
}
